<?xml version="1.0" encoding="UTF-8"?>
<!-- Generated by org.testng.reporters.JUnitXMLReporter -->
<testsuite ignored="2" hostname="VinothKumarG" failures="0" tests="19" name="Test_2" time="0.13" errors="0" timestamp="2023-09-20T23:06:32 IST">
  <testcase classname="com.passport.Base.TestBase" name="@BeforeSuite setUp" time="0.022">
    <failure type="org.openqa.selenium.NoSuchSessionException" message="invalid session id
Build info: version: &amp;apos;3.141.59&amp;apos;, revision: &amp;apos;e82be7d358&amp;apos;, time: &amp;apos;2018-11-14T08:17:03&amp;apos;
System info: host: &amp;apos;VINOTHKUMARG&amp;apos;, ip: &amp;apos;192.168.1.5&amp;apos;, os.name: &amp;apos;Windows 11&amp;apos;, os.arch: &amp;apos;amd64&amp;apos;, os.version: &amp;apos;10.0&amp;apos;, java.version: &amp;apos;17.0.8&amp;apos;
Driver info: org.openqa.selenium.chrome.ChromeDriver
Capabilities {acceptInsecureCerts: false, browserName: chrome, browserVersion: 116.0.5845.188, chrome: {chromedriverVersion: 116.0.5845.96 (1a3918166880..., userDataDir: C:\Users\vinot\AppData\Loca...}, fedcm:accounts: true, goog:chromeOptions: {debuggerAddress: localhost:57693}, javascriptEnabled: true, networkConnectionEnabled: false, pageLoadStrategy: normal, platform: WINDOWS, platformName: WINDOWS, proxy: Proxy(), setWindowRect: true, strictFileInteractability: false, timeouts: {implicit: 0, pageLoad: 300000, script: 30000}, unhandledPromptBehavior: dismiss and notify, webauthn:extension:credBlob: true, webauthn:extension:largeBlob: true, webauthn:extension:minPinLength: true, webauthn:extension:prf: true, webauthn:virtualAuthenticators: true}
Session ID: 0e1eb5ebd1d12742ba7ed57c97e1d120">
      <![CDATA[org.openqa.selenium.NoSuchSessionException: invalid session id
Build info: version: '3.141.59', revision: 'e82be7d358', time: '2018-11-14T08:17:03'
System info: host: 'VINOTHKUMARG', ip: '192.168.1.5', os.name: 'Windows 11', os.arch: 'amd64', os.version: '10.0', java.version: '17.0.8'
Driver info: org.openqa.selenium.chrome.ChromeDriver
Capabilities {acceptInsecureCerts: false, browserName: chrome, browserVersion: 116.0.5845.188, chrome: {chromedriverVersion: 116.0.5845.96 (1a3918166880..., userDataDir: C:\Users\vinot\AppData\Loca...}, fedcm:accounts: true, goog:chromeOptions: {debuggerAddress: localhost:57693}, javascriptEnabled: true, networkConnectionEnabled: false, pageLoadStrategy: normal, platform: WINDOWS, platformName: WINDOWS, proxy: Proxy(), setWindowRect: true, strictFileInteractability: false, timeouts: {implicit: 0, pageLoad: 300000, script: 30000}, unhandledPromptBehavior: dismiss and notify, webauthn:extension:credBlob: true, webauthn:extension:largeBlob: true, webauthn:extension:minPinLength: true, webauthn:extension:prf: true, webauthn:virtualAuthenticators: true}
Session ID: 0e1eb5ebd1d12742ba7ed57c97e1d120
at org.openqa.selenium.remote.http.W3CHttpResponseCodec.createException(W3CHttpResponseCodec.java:187)
at org.openqa.selenium.remote.http.W3CHttpResponseCodec.decode(W3CHttpResponseCodec.java:122)
at org.openqa.selenium.remote.http.W3CHttpResponseCodec.decode(W3CHttpResponseCodec.java:49)
at org.openqa.selenium.remote.HttpCommandExecutor.execute(HttpCommandExecutor.java:158)
at org.openqa.selenium.remote.service.DriverCommandExecutor.execute(DriverCommandExecutor.java:83)
at org.openqa.selenium.remote.RemoteWebDriver.execute(RemoteWebDriver.java:552)
at org.openqa.selenium.remote.RemoteWebDriver.get(RemoteWebDriver.java:277)
at com.passport.Base.TestBase.setUp(TestBase.java:106)
... Removed 25 stack frames]]>
    </failure>
  </testcase> <!-- @BeforeSuite setUp -->
  <testcase classname="com.passport.testcase.AddCustomerTest" name="addCustomer" time="0.0">
    <skipped/>
  </testcase> <!-- addCustomer -->
  <testcase classname="com.passport.testcase.AddCustomerTest" name="addCustomer" time="0.0">
    <skipped/>
  </testcase> <!-- addCustomer -->
  <testcase classname="com.passport.testcase.AddCustomerTest" name="addCustomer" time="0.0">
    <skipped/>
  </testcase> <!-- addCustomer -->
  <testcase classname="com.passport.testcase.AddCustomerTest" name="addCustomer" time="0.0">
    <skipped/>
  </testcase> <!-- addCustomer -->
  <testcase classname="com.passport.testcase.AddCustomerTest" name="addCustomer" time="0.0">
    <skipped/>
  </testcase> <!-- addCustomer -->
  <testcase classname="com.passport.testcase.AddCustomerTest" name="addCustomer" time="0.0">
    <skipped/>
  </testcase> <!-- addCustomer -->
  <testcase classname="com.passport.testcase.AddCustomerTest" name="addCustomer" time="0.0">
    <skipped/>
  </testcase> <!-- addCustomer -->
  <testcase classname="com.passport.testcase.AddCustomerTest" name="addCustomer" time="0.0">
    <skipped/>
  </testcase> <!-- addCustomer -->
  <testcase classname="com.passport.testcase.AddCustomerTest" name="addCustomer" time="0.0">
    <skipped/>
  </testcase> <!-- addCustomer -->
  <testcase classname="com.passport.testcase.AddCustomerTest" name="demoTEst" time="0.0">
    <skipped/>
  </testcase> <!-- demoTEst -->
  <testcase classname="com.passport.testcase.OpenAccountTest" name="openAcc" time="0.0">
    <skipped/>
  </testcase> <!-- openAcc -->
  <testcase classname="com.passport.testcase.OpenAccountTest" name="openAcc" time="0.0">
    <skipped/>
  </testcase> <!-- openAcc -->
  <testcase classname="com.passport.testcase.OpenAccountTest" name="openAcc" time="0.0">
    <skipped/>
  </testcase> <!-- openAcc -->
  <testcase classname="com.passport.testcase.OpenAccountTest" name="openAcc" time="0.0">
    <skipped/>
  </testcase> <!-- openAcc -->
  <testcase classname="com.passport.testcase.OpenAccountTest" name="openAcc" time="0.0">
    <skipped/>
  </testcase> <!-- openAcc -->
  <testcase classname="com.passport.testcase.OpenAccountTest" name="openAcc" time="0.0">
    <skipped/>
  </testcase> <!-- openAcc -->
  <testcase classname="com.passport.testcase.OpenAccountTest" name="openAcc" time="0.0">
    <skipped/>
  </testcase> <!-- openAcc -->
  <testcase classname="com.passport.testcase.OpenAccountTest" name="openAcc" time="0.0">
    <skipped/>
  </testcase> <!-- openAcc -->
  <testcase classname="com.passport.testcase.OpenAccountTest" name="openAcc" time="0.0">
    <skipped/>
  </testcase> <!-- openAcc -->
  <testcase classname="com.passport.Base.TestBase" name="@BeforeSuite setUp" time="0.0">
    <ignored/>
  </testcase> <!-- @BeforeSuite setUp -->
  <testcase classname="com.passport.Base.TestBase" name="@AfterSuite tearDown" time="0.0">
    <ignored/>
  </testcase> <!-- @AfterSuite tearDown -->
</testsuite> <!-- Test_2 -->
