<html>
<head>
<title>TestNG:  Test_3</title>
<link href="../testng.css" rel="stylesheet" type="text/css" />
<link href="../my-testng.css" rel="stylesheet" type="text/css" />

<style type="text/css">
.log { display: none;} 
.stack-trace { display: none;} 
</style>
<script type="text/javascript">
<!--
function flip(e) {
  current = e.style.display;
  if (current == 'block') {
    e.style.display = 'none';
    return 0;
  }
  else {
    e.style.display = 'block';
    return 1;
  }
}

function toggleBox(szDivId, elem, msg1, msg2)
{
  var res = -1;  if (document.getElementById) {
    res = flip(document.getElementById(szDivId));
  }
  else if (document.all) {
    // this is the way old msie versions work
    res = flip(document.all[szDivId]);
  }
  if(elem) {
    if(res == 0) elem.innerHTML = msg1; else elem.innerHTML = msg2;
  }

}

function toggleAllBoxes() {
  if (document.getElementsByTagName) {
    d = document.getElementsByTagName('div');
    for (i = 0; i < d.length; i++) {
      if (d[i].className == 'log') {
        flip(d[i]);
      }
    }
  }
}

// -->
</script>

</head>
<body>
<h2 align='center'>Test_3</h2><table border='1' align="center">
<tr>
<td>Tests passed/Failed/Skipped:</td><td>10/1/0</td>
</tr><tr>
<td>Started on:</td><td>Thu Sep 21 22:47:18 IST 2023</td>
</tr>
<tr><td>Total time:</td><td>11 seconds (11371 ms)</td>
</tr><tr>
<td>Included groups:</td><td></td>
</tr><tr>
<td>Excluded groups:</td><td></td>
</tr>
</table><p/>
<small><i>(Hover the method name to see the test class name)</i></small><p/>
<table width='100%' border='1' class='invocation-failed'>
<tr><td colspan='4' align='center'><b>FAILED TESTS</b></td></tr>
<tr><td><b>Test method</b></td>
<td><b>Attribute(s)</b></td>
<td width="30%"><b>Exception</b></td>
<td width="10%"><b>Time (seconds)</b></td>
<td><b>Instance</b></td>
</tr>
<tr>
<td title='com.passport.testcase.VerifyDepositFunc.verifyDepositMoney()'><b>verifyDepositMoney</b><br>Test class: com.passport.testcase.VerifyDepositFunc<br/>
<a href="#Output-145494758" onClick='toggleBox("Output-145494758", this, "Show output", "Hide output");'>Show output</a>

<a href="#Output-145494758" onClick="toggleAllBoxes();">Show all outputs</a>
<div class='log' id="Output-145494758">
<a href=Thu_Sep_21_22_47_30_IST_2023.jpg>screenshot</a><br/>
</div>
</td>
<td><div><pre>org.openqa.selenium.NoSuchElementException: no such element: Unable to locate element: {&quot;method&quot;:&quot;css selector&quot;,&quot;selector&quot;:&quot;CustomerLogin&quot;}
  (Session info: chrome=116.0.5845.188)
For documentation on this error, please visit: https://www.seleniumhq.org/exceptions/no_such_element.html
Build info: version: &apos;3.141.59&apos;, revision: &apos;e82be7d358&apos;, time: &apos;2018-11-14T08:17:03&apos;
System info: host: &apos;VINOTHKUMARG&apos;, ip: &apos;192.168.1.5&apos;, os.name: &apos;Windows 11&apos;, os.arch: &apos;amd64&apos;, os.version: &apos;10.0&apos;, java.version: &apos;17.0.8&apos;
Driver info: org.openqa.selenium.chrome.ChromeDriver
Capabilities {acceptInsecureCerts: false, browserName: chrome, browserVersion: 116.0.5845.188, chrome: {chromedriverVersion: 116.0.5845.96 (1a3918166880..., userDataDir: C:\Users\vinot\AppData\Loca...}, fedcm:accounts: true, goog:chromeOptions: {debuggerAddress: localhost:51278}, javascriptEnabled: true, networkConnectionEnabled: false, pageLoadStrategy: normal, platform: WINDOWS, platformName: WINDOWS, proxy: Proxy(), setWindowRect: true, strictFileInteractability: false, timeouts: {implicit: 0, pageLoad: 300000, script: 30000}, unhandledPromptBehavior: dismiss and notify, webauthn:extension:credBlob: true, webauthn:extension:largeBlob: true, webauthn:extension:minPinLength: true, webauthn:extension:prf: true, webauthn:virtualAuthenticators: true}
Session ID: 5fcab686575a2af2cda45838a8766746
*** Element info: {Using=css selector, value=CustomerLogin}
	at org.openqa.selenium.remote.http.W3CHttpResponseCodec.createException(W3CHttpResponseCodec.java:187)
	at org.openqa.selenium.remote.http.W3CHttpResponseCodec.decode(W3CHttpResponseCodec.java:122)
	at org.openqa.selenium.remote.http.W3CHttpResponseCodec.decode(W3CHttpResponseCodec.java:49)
	at org.openqa.selenium.remote.HttpCommandExecutor.execute(HttpCommandExecutor.java:158)
	at org.openqa.selenium.remote.service.DriverCommandExecutor.execute(DriverCommandExecutor.java:83)
	at org.openqa.selenium.remote.RemoteWebDriver.execute(RemoteWebDriver.java:552)
	at org.openqa.selenium.remote.RemoteWebDriver.findElement(RemoteWebDriver.java:323)
	at org.openqa.selenium.remote.RemoteWebDriver.findElementByCssSelector(RemoteWebDriver.java:420)
	at org.openqa.selenium.By$ByCssSelector.findElement(By.java:431)
	at org.openqa.selenium.remote.RemoteWebDriver.findElement(RemoteWebDriver.java:315)
	at com.passport.testcase.VerifyDepositFunc.verifyDepositMoney(VerifyDepositFunc.java:14)
	at java.base/java.util.ArrayList.forEach(ArrayList.java:1511)
... Removed 32 stack frames</pre></div><a href='#' onClick='toggleBox("stack-trace145494758", this, "Click to show all stack frames", "Click to hide stack frames")'>Click to show all stack frames</a>
<div class='stack-trace' id='stack-trace145494758'><pre>org.openqa.selenium.NoSuchElementException: no such element: Unable to locate element: {&quot;method&quot;:&quot;css selector&quot;,&quot;selector&quot;:&quot;CustomerLogin&quot;}
  (Session info: chrome=116.0.5845.188)
For documentation on this error, please visit: https://www.seleniumhq.org/exceptions/no_such_element.html
Build info: version: &apos;3.141.59&apos;, revision: &apos;e82be7d358&apos;, time: &apos;2018-11-14T08:17:03&apos;
System info: host: &apos;VINOTHKUMARG&apos;, ip: &apos;192.168.1.5&apos;, os.name: &apos;Windows 11&apos;, os.arch: &apos;amd64&apos;, os.version: &apos;10.0&apos;, java.version: &apos;17.0.8&apos;
Driver info: org.openqa.selenium.chrome.ChromeDriver
Capabilities {acceptInsecureCerts: false, browserName: chrome, browserVersion: 116.0.5845.188, chrome: {chromedriverVersion: 116.0.5845.96 (1a3918166880..., userDataDir: C:\Users\vinot\AppData\Loca...}, fedcm:accounts: true, goog:chromeOptions: {debuggerAddress: localhost:51278}, javascriptEnabled: true, networkConnectionEnabled: false, pageLoadStrategy: normal, platform: WINDOWS, platformName: WINDOWS, proxy: Proxy(), setWindowRect: true, strictFileInteractability: false, timeouts: {implicit: 0, pageLoad: 300000, script: 30000}, unhandledPromptBehavior: dismiss and notify, webauthn:extension:credBlob: true, webauthn:extension:largeBlob: true, webauthn:extension:minPinLength: true, webauthn:extension:prf: true, webauthn:virtualAuthenticators: true}
Session ID: 5fcab686575a2af2cda45838a8766746
*** Element info: {Using=css selector, value=CustomerLogin}
	at java.base/jdk.internal.reflect.NativeConstructorAccessorImpl.newInstance0(Native Method)
	at java.base/jdk.internal.reflect.NativeConstructorAccessorImpl.newInstance(NativeConstructorAccessorImpl.java:77)
	at java.base/jdk.internal.reflect.DelegatingConstructorAccessorImpl.newInstance(DelegatingConstructorAccessorImpl.java:45)
	at java.base/java.lang.reflect.Constructor.newInstanceWithCaller(Constructor.java:499)
	at java.base/java.lang.reflect.Constructor.newInstance(Constructor.java:480)
	at org.openqa.selenium.remote.http.W3CHttpResponseCodec.createException(W3CHttpResponseCodec.java:187)
	at org.openqa.selenium.remote.http.W3CHttpResponseCodec.decode(W3CHttpResponseCodec.java:122)
	at org.openqa.selenium.remote.http.W3CHttpResponseCodec.decode(W3CHttpResponseCodec.java:49)
	at org.openqa.selenium.remote.HttpCommandExecutor.execute(HttpCommandExecutor.java:158)
	at org.openqa.selenium.remote.service.DriverCommandExecutor.execute(DriverCommandExecutor.java:83)
	at org.openqa.selenium.remote.RemoteWebDriver.execute(RemoteWebDriver.java:552)
	at org.openqa.selenium.remote.RemoteWebDriver.findElement(RemoteWebDriver.java:323)
	at org.openqa.selenium.remote.RemoteWebDriver.findElementByCssSelector(RemoteWebDriver.java:420)
	at org.openqa.selenium.By$ByCssSelector.findElement(By.java:431)
	at org.openqa.selenium.remote.RemoteWebDriver.findElement(RemoteWebDriver.java:315)
	at com.passport.testcase.VerifyDepositFunc.verifyDepositMoney(VerifyDepositFunc.java:14)
	at java.base/jdk.internal.reflect.NativeMethodAccessorImpl.invoke0(Native Method)
	at java.base/jdk.internal.reflect.NativeMethodAccessorImpl.invoke(NativeMethodAccessorImpl.java:77)
	at java.base/jdk.internal.reflect.DelegatingMethodAccessorImpl.invoke(DelegatingMethodAccessorImpl.java:43)
	at java.base/java.lang.reflect.Method.invoke(Method.java:568)
	at org.testng.internal.invokers.MethodInvocationHelper.invokeMethod(MethodInvocationHelper.java:139)
	at org.testng.internal.invokers.TestInvoker.invokeMethod(TestInvoker.java:664)
	at org.testng.internal.invokers.TestInvoker.invokeTestMethod(TestInvoker.java:227)
	at org.testng.internal.invokers.MethodRunner.runInSequence(MethodRunner.java:50)
	at org.testng.internal.invokers.TestInvoker$MethodInvocationAgent.invoke(TestInvoker.java:957)
	at org.testng.internal.invokers.TestInvoker.invokeTestMethods(TestInvoker.java:200)
	at org.testng.internal.invokers.TestMethodWorker.invokeTestMethods(TestMethodWorker.java:148)
	at org.testng.internal.invokers.TestMethodWorker.run(TestMethodWorker.java:128)
	at java.base/java.util.ArrayList.forEach(ArrayList.java:1511)
	at org.testng.TestRunner.privateRun(TestRunner.java:848)
	at org.testng.TestRunner.run(TestRunner.java:621)
	at org.testng.SuiteRunner.runTest(SuiteRunner.java:443)
	at org.testng.SuiteRunner.runSequentially(SuiteRunner.java:437)
	at org.testng.SuiteRunner.privateRun(SuiteRunner.java:397)
	at org.testng.SuiteRunner.run(SuiteRunner.java:336)
	at org.testng.SuiteRunnerWorker.runSuite(SuiteRunnerWorker.java:52)
	at org.testng.SuiteRunnerWorker.run(SuiteRunnerWorker.java:95)
	at org.testng.TestNG.runSuitesSequentially(TestNG.java:1280)
	at org.testng.TestNG.runSuitesLocally(TestNG.java:1200)
	at org.testng.TestNG.runSuites(TestNG.java:1114)
	at org.testng.TestNG.run(TestNG.java:1082)
	at org.testng.remote.AbstractRemoteTestNG.run(AbstractRemoteTestNG.java:115)
	at org.testng.remote.RemoteTestNG.initAndRun(RemoteTestNG.java:251)
	at org.testng.remote.RemoteTestNG.main(RemoteTestNG.java:77)
</pre></div></td>
<td>10</td>
<td>com.passport.testcase.VerifyDepositFunc@53812a9b</td></tr>
</table><p>
<table width='100%' border='1' class='invocation-passed'>
<tr><td colspan='4' align='center'><b>PASSED TESTS</b></td></tr>
<tr><td><b>Test method</b></td>
<td><b>Attribute(s)</b></td>
<td width="30%"><b>Exception</b></td>
<td width="10%"><b>Time (seconds)</b></td>
<td><b>Instance</b></td>
</tr>
<tr>
<td title='com.passport.testcase.VerifyCustomer.searchCustomer()'><b>searchCustomer</b><br>Test class: com.passport.testcase.VerifyCustomer<br>Parameters: kathiresan<br/>
<a href="#Output-955652084" onClick='toggleBox("Output-955652084", this, "Show output", "Hide output");'>Show output</a>

<a href="#Output-955652084" onClick="toggleAllBoxes();">Show all outputs</a>
<div class='log' id="Output-955652084">
SEARCHCUSTOMER  Passed<br/>
</div>
</td>
<td></td>
<td>0</td>
<td>com.passport.testcase.VerifyCustomer@45c8d09f</td></tr>
<tr>
<td title='com.passport.testcase.VerifyCustomer.searchCustomer()'><b>searchCustomer</b><br>Test class: com.passport.testcase.VerifyCustomer<br>Parameters: Vinothkumar<br/>
<a href="#Output-1411675719" onClick='toggleBox("Output-1411675719", this, "Show output", "Hide output");'>Show output</a>

<a href="#Output-1411675719" onClick="toggleAllBoxes();">Show all outputs</a>
<div class='log' id="Output-1411675719">
SEARCHCUSTOMER  Passed<br/>
</div>
</td>
<td></td>
<td>0</td>
<td>com.passport.testcase.VerifyCustomer@45c8d09f</td></tr>
<tr>
<td title='com.passport.testcase.VerifyCustomer.searchCustomer()'><b>searchCustomer</b><br>Test class: com.passport.testcase.VerifyCustomer<br>Parameters: Babu<br/>
<a href="#Output-269287960" onClick='toggleBox("Output-269287960", this, "Show output", "Hide output");'>Show output</a>

<a href="#Output-269287960" onClick="toggleAllBoxes();">Show all outputs</a>
<div class='log' id="Output-269287960">
SEARCHCUSTOMER  Passed<br/>
</div>
</td>
<td></td>
<td>0</td>
<td>com.passport.testcase.VerifyCustomer@45c8d09f</td></tr>
<tr>
<td title='com.passport.testcase.VerifyCustomer.searchCustomer()'><b>searchCustomer</b><br>Test class: com.passport.testcase.VerifyCustomer<br>Parameters: Suba<br/>
<a href="#Output-671078904" onClick='toggleBox("Output-671078904", this, "Show output", "Hide output");'>Show output</a>

<a href="#Output-671078904" onClick="toggleAllBoxes();">Show all outputs</a>
<div class='log' id="Output-671078904">
SEARCHCUSTOMER  Passed<br/>
</div>
</td>
<td></td>
<td>0</td>
<td>com.passport.testcase.VerifyCustomer@45c8d09f</td></tr>
<tr>
<td title='com.passport.testcase.VerifyCustomer.searchCustomer()'><b>searchCustomer</b><br>Test class: com.passport.testcase.VerifyCustomer<br>Parameters: Sathish<br/>
<a href="#Output-1308088814" onClick='toggleBox("Output-1308088814", this, "Show output", "Hide output");'>Show output</a>

<a href="#Output-1308088814" onClick="toggleAllBoxes();">Show all outputs</a>
<div class='log' id="Output-1308088814">
SEARCHCUSTOMER  Passed<br/>
</div>
</td>
<td></td>
<td>0</td>
<td>com.passport.testcase.VerifyCustomer@45c8d09f</td></tr>
<tr>
<td title='com.passport.testcase.VerifyCustomer.clickHome()'><b>clickHome</b><br>Test class: com.passport.testcase.VerifyCustomer<br/>
<a href="#Output-306693934" onClick='toggleBox("Output-306693934", this, "Show output", "Hide output");'>Show output</a>

<a href="#Output-306693934" onClick="toggleAllBoxes();">Show all outputs</a>
<div class='log' id="Output-306693934">
CLICKHOME  Passed<br/>
</div>
</td>
<td></td>
<td>0</td>
<td>com.passport.testcase.VerifyCustomer@45c8d09f</td></tr>
<tr>
<td title='com.passport.testcase.VerifyCustomer.searchCustomer()'><b>searchCustomer</b><br>Test class: com.passport.testcase.VerifyCustomer<br>Parameters: Sasi<br/>
<a href="#Output-1933513621" onClick='toggleBox("Output-1933513621", this, "Show output", "Hide output");'>Show output</a>

<a href="#Output-1933513621" onClick="toggleAllBoxes();">Show all outputs</a>
<div class='log' id="Output-1933513621">
SEARCHCUSTOMER  Passed<br/>
</div>
</td>
<td></td>
<td>0</td>
<td>com.passport.testcase.VerifyCustomer@45c8d09f</td></tr>
<tr>
<td title='com.passport.testcase.VerifyCustomer.searchCustomer()'><b>searchCustomer</b><br>Test class: com.passport.testcase.VerifyCustomer<br>Parameters: Sakthivel<br/>
<a href="#Output-1041571359" onClick='toggleBox("Output-1041571359", this, "Show output", "Hide output");'>Show output</a>

<a href="#Output-1041571359" onClick="toggleAllBoxes();">Show all outputs</a>
<div class='log' id="Output-1041571359">
SEARCHCUSTOMER  Passed<br/>
</div>
</td>
<td></td>
<td>0</td>
<td>com.passport.testcase.VerifyCustomer@45c8d09f</td></tr>
<tr>
<td title='com.passport.testcase.VerifyCustomer.searchCustomer()'><b>searchCustomer</b><br>Test class: com.passport.testcase.VerifyCustomer<br>Parameters: Suresh<br/>
<a href="#Output-80035947" onClick='toggleBox("Output-80035947", this, "Show output", "Hide output");'>Show output</a>

<a href="#Output-80035947" onClick="toggleAllBoxes();">Show all outputs</a>
<div class='log' id="Output-80035947">
SEARCHCUSTOMER  Passed<br/>
</div>
</td>
<td></td>
<td>0</td>
<td>com.passport.testcase.VerifyCustomer@45c8d09f</td></tr>
<tr>
<td title='com.passport.testcase.VerifyCustomer.searchCustomer()'><b>searchCustomer</b><br>Test class: com.passport.testcase.VerifyCustomer<br>Parameters: Rajesh<br/>
<a href="#Output-181025925" onClick='toggleBox("Output-181025925", this, "Show output", "Hide output");'>Show output</a>

<a href="#Output-181025925" onClick="toggleAllBoxes();">Show all outputs</a>
<div class='log' id="Output-181025925">
SEARCHCUSTOMER  Passed<br/>
</div>
</td>
<td></td>
<td>0</td>
<td>com.passport.testcase.VerifyCustomer@45c8d09f</td></tr>
</table><p>
</body>
</html>