<?xml version="1.0" encoding="UTF-8"?>
<!-- Generated by org.testng.reporters.JUnitXMLReporter -->
<testsuite ignored="0" hostname="VinothKumarG" failures="0" tests="1" name="LoginTest" time="0.023" errors="0" timestamp="2023-09-20T21:18:52 IST">
  <testcase classname="com.passport.Base.TestBase" name="@BeforeSuite setUp" time="-1.695224932595E9">
    <failure type="org.testng.TestNGException" message="
Parameter &amp;apos;browser&amp;apos; is required by BeforeSuite on method setUp but has not been marked @Optional or defined
in C:\Users\vinot\eclipse-workspace\LiveProject_01\src\test\resources\runner\testng.xml">
      <![CDATA[org.testng.TestNGException: 
Parameter 'browser' is required by BeforeSuite on method setUp but has not been marked @Optional or defined
in C:\Users\vinot\eclipse-workspace\LiveProject_01\src\test\resources\runner\testng.xml
... Removed 16 stack frames]]>
    </failure>
  </testcase> <!-- @BeforeSuite setUp -->
  <testcase classname="com.passport.testcase.LoginTest" name="loginAsBankManager" time="0.0">
    <skipped/>
  </testcase> <!-- loginAsBankManager -->
</testsuite> <!-- LoginTest -->
