<html>
<head>
<title>TestNG:  Test_2</title>
<link href="../testng.css" rel="stylesheet" type="text/css" />
<link href="../my-testng.css" rel="stylesheet" type="text/css" />

<style type="text/css">
.log { display: none;} 
.stack-trace { display: none;} 
</style>
<script type="text/javascript">
<!--
function flip(e) {
  current = e.style.display;
  if (current == 'block') {
    e.style.display = 'none';
    return 0;
  }
  else {
    e.style.display = 'block';
    return 1;
  }
}

function toggleBox(szDivId, elem, msg1, msg2)
{
  var res = -1;  if (document.getElementById) {
    res = flip(document.getElementById(szDivId));
  }
  else if (document.all) {
    // this is the way old msie versions work
    res = flip(document.all[szDivId]);
  }
  if(elem) {
    if(res == 0) elem.innerHTML = msg1; else elem.innerHTML = msg2;
  }

}

function toggleAllBoxes() {
  if (document.getElementsByTagName) {
    d = document.getElementsByTagName('div');
    for (i = 0; i < d.length; i++) {
      if (d[i].className == 'log') {
        flip(d[i]);
      }
    }
  }
}

// -->
</script>

</head>
<body>
<h2 align='center'>Test_2</h2><table border='1' align="center">
<tr>
<td>Tests passed/Failed/Skipped:</td><td>10/1/0</td>
</tr><tr>
<td>Started on:</td><td>Wed Sep 20 22:57:00 IST 2023</td>
</tr>
<tr><td>Total time:</td><td>6 seconds (6990 ms)</td>
</tr><tr>
<td>Included groups:</td><td></td>
</tr><tr>
<td>Excluded groups:</td><td></td>
</tr>
</table><p/>
<small><i>(Hover the method name to see the test class name)</i></small><p/>
<table width='100%' border='1' class='invocation-failed'>
<tr><td colspan='4' align='center'><b>FAILED TESTS</b></td></tr>
<tr><td><b>Test method</b></td>
<td><b>Attribute(s)</b></td>
<td width="30%"><b>Exception</b></td>
<td width="10%"><b>Time (seconds)</b></td>
<td><b>Instance</b></td>
</tr>
<tr>
<td title='com.passport.testcase.AddCustomerTest.addCustomer()'><b>addCustomer</b><br>Test class: com.passport.testcase.AddCustomerTest</td>
<td><div><pre>org.openqa.selenium.UnhandledAlertException: Dismissed user prompt dialog: Please check the details. Customer may be duplicate.: 
Build info: version: &apos;3.141.59&apos;, revision: &apos;e82be7d358&apos;, time: &apos;2018-11-14T08:17:03&apos;
System info: host: &apos;VINOTHKUMARG&apos;, ip: &apos;192.168.1.5&apos;, os.name: &apos;Windows 11&apos;, os.arch: &apos;amd64&apos;, os.version: &apos;10.0&apos;, java.version: &apos;17.0.8&apos;
Driver info: org.openqa.selenium.firefox.FirefoxDriver
Capabilities {acceptInsecureCerts: true, browserName: firefox, browserVersion: 117.0.1, javascriptEnabled: true, moz:accessibilityChecks: false, moz:buildID: 20230912013654, moz:geckodriverVersion: 0.33.0, moz:headless: false, moz:platformVersion: 10.0, moz:processID: 7984, moz:profile: C:\Users\vinot\AppData\Loca..., moz:shutdownTimeout: 60000, moz:webdriverClick: true, moz:windowless: false, pageLoadStrategy: normal, platform: WINDOWS, platformName: WINDOWS, proxy: Proxy(), setWindowRect: true, strictFileInteractability: false, timeouts: {implicit: 0, pageLoad: 300000, script: 30000}, unhandledPromptBehavior: dismiss and notify}
Session ID: db8a91bb-408c-4ac0-8a1b-630540810c80
	at org.openqa.selenium.remote.http.W3CHttpResponseCodec.decode(W3CHttpResponseCodec.java:120)
	at org.openqa.selenium.remote.http.W3CHttpResponseCodec.decode(W3CHttpResponseCodec.java:49)
	at org.openqa.selenium.remote.HttpCommandExecutor.execute(HttpCommandExecutor.java:158)
	at org.openqa.selenium.remote.service.DriverCommandExecutor.execute(DriverCommandExecutor.java:83)
	at org.openqa.selenium.remote.RemoteWebDriver.execute(RemoteWebDriver.java:552)
	at org.openqa.selenium.remote.RemoteWebDriver.execute(RemoteWebDriver.java:609)
	at org.openqa.selenium.remote.RemoteWebDriver.getScreenshotAs(RemoteWebDriver.java:295)
	at com.passport.utilities.Utillities.captureScreenshot(Utillities.java:60)
	at com.passport.listeners.CustomListner.onTestFailure(CustomListner.java:40)
	at java.base/java.util.ArrayList.forEach(ArrayList.java:1511)
... Removed 25 stack frames</pre></div><a href='#' onClick='toggleBox("stack-trace1483842690", this, "Click to show all stack frames", "Click to hide stack frames")'>Click to show all stack frames</a>
<div class='stack-trace' id='stack-trace1483842690'><pre>org.openqa.selenium.UnhandledAlertException: Dismissed user prompt dialog: Please check the details. Customer may be duplicate.: 
Build info: version: &apos;3.141.59&apos;, revision: &apos;e82be7d358&apos;, time: &apos;2018-11-14T08:17:03&apos;
System info: host: &apos;VINOTHKUMARG&apos;, ip: &apos;192.168.1.5&apos;, os.name: &apos;Windows 11&apos;, os.arch: &apos;amd64&apos;, os.version: &apos;10.0&apos;, java.version: &apos;17.0.8&apos;
Driver info: org.openqa.selenium.firefox.FirefoxDriver
Capabilities {acceptInsecureCerts: true, browserName: firefox, browserVersion: 117.0.1, javascriptEnabled: true, moz:accessibilityChecks: false, moz:buildID: 20230912013654, moz:geckodriverVersion: 0.33.0, moz:headless: false, moz:platformVersion: 10.0, moz:processID: 7984, moz:profile: C:\Users\vinot\AppData\Loca..., moz:shutdownTimeout: 60000, moz:webdriverClick: true, moz:windowless: false, pageLoadStrategy: normal, platform: WINDOWS, platformName: WINDOWS, proxy: Proxy(), setWindowRect: true, strictFileInteractability: false, timeouts: {implicit: 0, pageLoad: 300000, script: 30000}, unhandledPromptBehavior: dismiss and notify}
Session ID: db8a91bb-408c-4ac0-8a1b-630540810c80
	at org.openqa.selenium.remote.http.W3CHttpResponseCodec.decode(W3CHttpResponseCodec.java:120)
	at org.openqa.selenium.remote.http.W3CHttpResponseCodec.decode(W3CHttpResponseCodec.java:49)
	at org.openqa.selenium.remote.HttpCommandExecutor.execute(HttpCommandExecutor.java:158)
	at org.openqa.selenium.remote.service.DriverCommandExecutor.execute(DriverCommandExecutor.java:83)
	at org.openqa.selenium.remote.RemoteWebDriver.execute(RemoteWebDriver.java:552)
	at org.openqa.selenium.remote.RemoteWebDriver.execute(RemoteWebDriver.java:609)
	at org.openqa.selenium.remote.RemoteWebDriver.getScreenshotAs(RemoteWebDriver.java:295)
	at com.passport.utilities.Utillities.captureScreenshot(Utillities.java:60)
	at com.passport.listeners.CustomListner.onTestFailure(CustomListner.java:40)
	at org.testng.internal.TestListenerHelper.runTestListeners(TestListenerHelper.java:108)
	at org.testng.internal.invokers.TestInvoker.runTestResultListener(TestInvoker.java:262)
	at org.testng.internal.invokers.TestInvoker.invokeMethod(TestInvoker.java:751)
	at org.testng.internal.invokers.TestInvoker.invokeTestMethod(TestInvoker.java:227)
	at org.testng.internal.invokers.MethodRunner.runInSequence(MethodRunner.java:50)
	at org.testng.internal.invokers.TestInvoker$MethodInvocationAgent.invoke(TestInvoker.java:957)
	at org.testng.internal.invokers.TestInvoker.invokeTestMethods(TestInvoker.java:200)
	at org.testng.internal.invokers.TestMethodWorker.invokeTestMethods(TestMethodWorker.java:148)
	at org.testng.internal.invokers.TestMethodWorker.run(TestMethodWorker.java:128)
	at java.base/java.util.ArrayList.forEach(ArrayList.java:1511)
	at org.testng.TestRunner.privateRun(TestRunner.java:848)
	at org.testng.TestRunner.run(TestRunner.java:621)
	at org.testng.SuiteRunner.runTest(SuiteRunner.java:443)
	at org.testng.SuiteRunner.runSequentially(SuiteRunner.java:437)
	at org.testng.SuiteRunner.privateRun(SuiteRunner.java:397)
	at org.testng.SuiteRunner.run(SuiteRunner.java:336)
	at org.testng.SuiteRunnerWorker.runSuite(SuiteRunnerWorker.java:52)
	at org.testng.SuiteRunnerWorker.run(SuiteRunnerWorker.java:95)
	at org.testng.TestNG.runSuitesSequentially(TestNG.java:1280)
	at org.testng.TestNG.runSuitesSequentially(TestNG.java:1275)
	at org.testng.TestNG.runSuitesLocally(TestNG.java:1200)
	at org.testng.TestNG.runSuites(TestNG.java:1114)
	at org.testng.TestNG.run(TestNG.java:1082)
	at org.testng.remote.AbstractRemoteTestNG.run(AbstractRemoteTestNG.java:115)
	at org.testng.remote.RemoteTestNG.initAndRun(RemoteTestNG.java:251)
	at org.testng.remote.RemoteTestNG.main(RemoteTestNG.java:77)
</pre></div></td>
<td>0</td>
<td>com.passport.testcase.AddCustomerTest@531c311e</td></tr>
</table><p>
<table width='100%' border='1' class='invocation-passed'>
<tr><td colspan='4' align='center'><b>PASSED TESTS</b></td></tr>
<tr><td><b>Test method</b></td>
<td><b>Attribute(s)</b></td>
<td width="30%"><b>Exception</b></td>
<td width="10%"><b>Time (seconds)</b></td>
<td><b>Instance</b></td>
</tr>
<tr>
<td title='com.passport.testcase.OpenAccountTest.openAcc()'><b>openAcc</b><br>Test class: com.passport.testcase.OpenAccountTest<br>Parameters: Suresh Sugumaran, Rupee<br/>
<a href="#Output-560146610" onClick='toggleBox("Output-560146610", this, "Show output", "Hide output");'>Show output</a>

<a href="#Output-560146610" onClick="toggleAllBoxes();">Show all outputs</a>
<div class='log' id="Output-560146610">
Account created successfully<br/>
OPENACC  Passed<br/>
</div>
</td>
<td></td>
<td>0</td>
<td>com.passport.testcase.OpenAccountTest@22b53226</td></tr>
<tr>
<td title='com.passport.testcase.OpenAccountTest.openAcc()'><b>openAcc</b><br>Test class: com.passport.testcase.OpenAccountTest<br>Parameters: kathiresan Dhavamanu, Rupee<br/>
<a href="#Output-1576509541" onClick='toggleBox("Output-1576509541", this, "Show output", "Hide output");'>Show output</a>

<a href="#Output-1576509541" onClick="toggleAllBoxes();">Show all outputs</a>
<div class='log' id="Output-1576509541">
Account created successfully<br/>
OPENACC  Passed<br/>
</div>
</td>
<td></td>
<td>0</td>
<td>com.passport.testcase.OpenAccountTest@22b53226</td></tr>
<tr>
<td title='com.passport.testcase.OpenAccountTest.openAcc()'><b>openAcc</b><br>Test class: com.passport.testcase.OpenAccountTest<br>Parameters: Suba Ganeshan, Rupee<br/>
<a href="#Output-1404550913" onClick='toggleBox("Output-1404550913", this, "Show output", "Hide output");'>Show output</a>

<a href="#Output-1404550913" onClick="toggleAllBoxes();">Show all outputs</a>
<div class='log' id="Output-1404550913">
Account created successfully<br/>
OPENACC  Passed<br/>
</div>
</td>
<td></td>
<td>0</td>
<td>com.passport.testcase.OpenAccountTest@22b53226</td></tr>
<tr>
<td title='com.passport.testcase.OpenAccountTest.openAcc()'><b>openAcc</b><br>Test class: com.passport.testcase.OpenAccountTest<br>Parameters: Vinothkumar Gnanasekaran, Rupee<br/>
<a href="#Output-2133629275" onClick='toggleBox("Output-2133629275", this, "Show output", "Hide output");'>Show output</a>

<a href="#Output-2133629275" onClick="toggleAllBoxes();">Show all outputs</a>
<div class='log' id="Output-2133629275">
Account created successfully<br/>
OPENACC  Passed<br/>
</div>
</td>
<td></td>
<td>0</td>
<td>com.passport.testcase.OpenAccountTest@22b53226</td></tr>
<tr>
<td title='com.passport.testcase.OpenAccountTest.openAcc()'><b>openAcc</b><br>Test class: com.passport.testcase.OpenAccountTest<br>Parameters: Sathish Gunasekaran, Rupee<br/>
<a href="#Output-936350168" onClick='toggleBox("Output-936350168", this, "Show output", "Hide output");'>Show output</a>

<a href="#Output-936350168" onClick="toggleAllBoxes();">Show all outputs</a>
<div class='log' id="Output-936350168">
Account created successfully<br/>
OPENACC  Passed<br/>
</div>
</td>
<td></td>
<td>0</td>
<td>com.passport.testcase.OpenAccountTest@22b53226</td></tr>
<tr>
<td title='com.passport.testcase.OpenAccountTest.openAcc()'><b>openAcc</b><br>Test class: com.passport.testcase.OpenAccountTest<br>Parameters: Sakthivel Sundreasan, Rupee<br/>
<a href="#Output-1895167389" onClick='toggleBox("Output-1895167389", this, "Show output", "Hide output");'>Show output</a>

<a href="#Output-1895167389" onClick="toggleAllBoxes();">Show all outputs</a>
<div class='log' id="Output-1895167389">
Account created successfully<br/>
OPENACC  Passed<br/>
</div>
</td>
<td></td>
<td>0</td>
<td>com.passport.testcase.OpenAccountTest@22b53226</td></tr>
<tr>
<td title='com.passport.testcase.OpenAccountTest.openAcc()'><b>openAcc</b><br>Test class: com.passport.testcase.OpenAccountTest<br>Parameters: Rajesh Gunasekaran, Rupee<br/>
<a href="#Output-1721510663" onClick='toggleBox("Output-1721510663", this, "Show output", "Hide output");'>Show output</a>

<a href="#Output-1721510663" onClick="toggleAllBoxes();">Show all outputs</a>
<div class='log' id="Output-1721510663">
Account created successfully<br/>
OPENACC  Passed<br/>
</div>
</td>
<td></td>
<td>0</td>
<td>com.passport.testcase.OpenAccountTest@22b53226</td></tr>
<tr>
<td title='com.passport.testcase.AddCustomerTest.demoTEst()'><b>demoTEst</b><br>Test class: com.passport.testcase.AddCustomerTest<br/>
<a href="#Output-1170803205" onClick='toggleBox("Output-1170803205", this, "Show output", "Hide output");'>Show output</a>

<a href="#Output-1170803205" onClick="toggleAllBoxes();">Show all outputs</a>
<div class='log' id="Output-1170803205">
DEMOTEST  Passed<br/>
</div>
</td>
<td></td>
<td>0</td>
<td>com.passport.testcase.AddCustomerTest@531c311e</td></tr>
<tr>
<td title='com.passport.testcase.OpenAccountTest.openAcc()'><b>openAcc</b><br>Test class: com.passport.testcase.OpenAccountTest<br>Parameters: Babu Asubathi, Rupee<br/>
<a href="#Output-361656258" onClick='toggleBox("Output-361656258", this, "Show output", "Hide output");'>Show output</a>

<a href="#Output-361656258" onClick="toggleAllBoxes();">Show all outputs</a>
<div class='log' id="Output-361656258">
Account created successfully<br/>
OPENACC  Passed<br/>
</div>
</td>
<td></td>
<td>0</td>
<td>com.passport.testcase.OpenAccountTest@22b53226</td></tr>
<tr>
<td title='com.passport.testcase.OpenAccountTest.openAcc()'><b>openAcc</b><br>Test class: com.passport.testcase.OpenAccountTest<br>Parameters: Sasi Ganeshan, Rupee<br/>
<a href="#Output-851074149" onClick='toggleBox("Output-851074149", this, "Show output", "Hide output");'>Show output</a>

<a href="#Output-851074149" onClick="toggleAllBoxes();">Show all outputs</a>
<div class='log' id="Output-851074149">
Account created successfully<br/>
OPENACC  Passed<br/>
</div>
</td>
<td></td>
<td>0</td>
<td>com.passport.testcase.OpenAccountTest@22b53226</td></tr>
</table><p>
</body>
</html>