<!DOCTYPE html PUBLIC "-//W3C//DTD XHTML 1.1//EN" "https://www.w3.org/TR/xhtml11/DTD/xhtml11.dtd">
<html xmlns="https://www.w3.org/1999/xhtml">
<head>
<meta http-equiv="content-type" content="text/html; charset=UTF-8"/>
<title>TestNG Report</title>
<style type="text/css">table {margin-bottom:10px;border-collapse:collapse;empty-cells:show}th,td {border:1px solid #009;padding:.25em .5em}th {vertical-align:bottom}td {vertical-align:top}table a {font-weight:bold}.stripe td {background-color: #E6EBF9}.num {text-align:right}.passedodd td {background-color: #3F3}.passedeven td {background-color: #0A0}.skippedodd td {background-color: #DDD}.skippedeven td {background-color: #CCC}.failedodd td,.attn {background-color: #F33}.failedeven td,.stripe .attn {background-color: #D00}.stacktrace {white-space:pre;font-family:monospace}.totop {font-size:85%;text-align:center;border-bottom:2px solid #000}.invisible {display:none}</style>
</head>
<body>
<table>
<tr><th>Test</th><th># Passed</th><th># Skipped</th><th># Retried</th><th># Failed</th><th>Time (ms)</th><th>Included Groups</th><th>Excluded Groups</th></tr>
<tr><th colspan="8">Data Driver Basics</th></tr>
<tr><td><a href="#t0">LoginTest</a></td><td class="num">0</td><td class="num attn">1</td><td class="num">0</td><td class="num">0</td><td class="num">23</td><td></td><td></td></tr>
<tr class="stripe"><td><a href="#t1">Open Account</a></td><td class="num">0</td><td class="num attn">19</td><td class="num">0</td><td class="num">0</td><td class="num">547</td><td></td><td></td></tr>
<tr><th>Total</th><th class="num">0</th><th class="num attn">20</th><th class="num">0</th><th class="num">0</th><th class="num">570</th><th colspan="2"></th></tr>
</table>
<table id='summary'><thead><tr><th>Class</th><th>Method</th><th>Start</th><th>Time (ms)</th></tr></thead><tbody><tr><th colspan="4">Data Driver Basics</th></tr></tbody><tbody id="t0"><tr><th colspan="4">LoginTest &#8212; skipped</th></tr><tr class="skippedeven"><td rowspan="1">com.passport.testcase.LoginTest</td><td><a href="#m0">loginAsBankManager</a></td><td rowspan="1">1695224932630</td><td rowspan="1">0</td></tr></tbody>
<tbody id="t1"><tr><th colspan="4">Open Account &#8212; failed (configuration methods)</th></tr><tr class="failedeven"><td rowspan="1">com.passport.testcase.AddCustomerTest</td><td><a href="#m1">setUp</a></td><td rowspan="1">1695224932595</td><td rowspan="1">-1695224932595</td></tr><tr><th colspan="4">Open Account &#8212; skipped (configuration methods)</th></tr><tr class="skippedeven"><td rowspan="1">com.passport.testcase.AddCustomerTest</td><td><a href="#m2">tearDown</a></td><td rowspan="1">1695224933204</td><td rowspan="1">0</td></tr><tr><th colspan="4">Open Account &#8212; skipped</th></tr><tr class="skippedeven"><td rowspan="10">com.passport.testcase.AddCustomerTest</td><td><a href="#m3">addCustomer</a></td><td rowspan="9">1695224933122</td><td rowspan="9">0</td></tr><tr class="skippedeven"><td><a href="#m4">addCustomer</a></td></tr><tr class="skippedeven"><td><a href="#m5">addCustomer</a></td></tr><tr class="skippedeven"><td><a href="#m6">addCustomer</a></td></tr><tr class="skippedeven"><td><a href="#m7">addCustomer</a></td></tr><tr class="skippedeven"><td><a href="#m8">addCustomer</a></td></tr><tr class="skippedeven"><td><a href="#m9">addCustomer</a></td></tr><tr class="skippedeven"><td><a href="#m10">addCustomer</a></td></tr><tr class="skippedeven"><td><a href="#m11">addCustomer</a></td></tr><tr class="skippedeven"><td><a href="#m12">demoTEst</a></td><td rowspan="1">1695224933144</td><td rowspan="1">0</td></tr><tr class="skippedodd"><td rowspan="9">com.passport.testcase.OpenAccountTest</td><td><a href="#m13">openAcc</a></td><td rowspan="9">1695224933186</td><td rowspan="9">0</td></tr><tr class="skippedodd"><td><a href="#m14">openAcc</a></td></tr><tr class="skippedodd"><td><a href="#m15">openAcc</a></td></tr><tr class="skippedodd"><td><a href="#m16">openAcc</a></td></tr><tr class="skippedodd"><td><a href="#m17">openAcc</a></td></tr><tr class="skippedodd"><td><a href="#m18">openAcc</a></td></tr><tr class="skippedodd"><td><a href="#m19">openAcc</a></td></tr><tr class="skippedodd"><td><a href="#m20">openAcc</a></td></tr><tr class="skippedodd"><td><a href="#m21">openAcc</a></td></tr></tbody>
</table>
<h2>LoginTest</h2><h3 id="m0">com.passport.testcase.LoginTest#loginAsBankManager</h3><table class="result"><tr><th class="invisible"/></tr></table><p class="totop"><a href="#summary">back to summary</a></p>
<h2>Open Account</h2><h3 id="m1">com.passport.testcase.AddCustomerTest#setUp</h3><table class="result"><tr><th>Exception</th></tr><tr><td><div class="stacktrace">org.testng.TestNGException: 
Parameter &apos;browser&apos; is required by BeforeSuite on method setUp but has not been marked @Optional or defined
in C:\Users\vinot\eclipse-workspace\LiveProject_01\src\test\resources\runner\testng.xml
... Removed 16 stack frames</div></td></tr></table><p class="totop"><a href="#summary">back to summary</a></p>
<h3 id="m2">com.passport.testcase.AddCustomerTest#tearDown</h3><table class="result"><tr><th class="invisible"/></tr></table><p class="totop"><a href="#summary">back to summary</a></p>
<h3 id="m3">com.passport.testcase.AddCustomerTest#addCustomer</h3><table class="result"><tr class="param"><th>Parameter #1</th><th>Parameter #2</th><th>Parameter #3</th></tr><tr class="param stripe"><td>Sasi</td><td>Ganeshan</td><td>612203</td></tr><tr><th colspan="3">Exception</th></tr><tr><td colspan="3"><div class="stacktrace">org.testng.TestNGException: 
Parameter &apos;browser&apos; is required by BeforeSuite on method setUp but has not been marked @Optional or defined
in C:\Users\vinot\eclipse-workspace\LiveProject_01\src\test\resources\runner\testng.xml
... Removed 16 stack frames</div></td></tr></table><p class="totop"><a href="#summary">back to summary</a></p>
<h3 id="m4">com.passport.testcase.AddCustomerTest#addCustomer</h3><table class="result"><tr class="param"><th>Parameter #1</th><th>Parameter #2</th><th>Parameter #3</th></tr><tr class="param stripe"><td>Rajesh</td><td>Gunasekaran</td><td>612604</td></tr><tr><th colspan="3">Exception</th></tr><tr><td colspan="3"><div class="stacktrace">org.testng.TestNGException: 
Parameter &apos;browser&apos; is required by BeforeSuite on method setUp but has not been marked @Optional or defined
in C:\Users\vinot\eclipse-workspace\LiveProject_01\src\test\resources\runner\testng.xml
... Removed 16 stack frames</div></td></tr></table><p class="totop"><a href="#summary">back to summary</a></p>
<h3 id="m5">com.passport.testcase.AddCustomerTest#addCustomer</h3><table class="result"><tr class="param"><th>Parameter #1</th><th>Parameter #2</th><th>Parameter #3</th></tr><tr class="param stripe"><td>Vinothkumar</td><td>Gnanasekaran</td><td>P612604</td></tr><tr><th colspan="3">Exception</th></tr><tr><td colspan="3"><div class="stacktrace">org.testng.TestNGException: 
Parameter &apos;browser&apos; is required by BeforeSuite on method setUp but has not been marked @Optional or defined
in C:\Users\vinot\eclipse-workspace\LiveProject_01\src\test\resources\runner\testng.xml
... Removed 16 stack frames</div></td></tr></table><p class="totop"><a href="#summary">back to summary</a></p>
<h3 id="m6">com.passport.testcase.AddCustomerTest#addCustomer</h3><table class="result"><tr class="param"><th>Parameter #1</th><th>Parameter #2</th><th>Parameter #3</th></tr><tr class="param stripe"><td>Sathish</td><td>Gunasekaran</td><td>612604</td></tr><tr><th colspan="3">Exception</th></tr><tr><td colspan="3"><div class="stacktrace">org.testng.TestNGException: 
Parameter &apos;browser&apos; is required by BeforeSuite on method setUp but has not been marked @Optional or defined
in C:\Users\vinot\eclipse-workspace\LiveProject_01\src\test\resources\runner\testng.xml
... Removed 16 stack frames</div></td></tr></table><p class="totop"><a href="#summary">back to summary</a></p>
<h3 id="m7">com.passport.testcase.AddCustomerTest#addCustomer</h3><table class="result"><tr class="param"><th>Parameter #1</th><th>Parameter #2</th><th>Parameter #3</th></tr><tr class="param stripe"><td>Suresh</td><td>Sugumaran</td><td>612604</td></tr><tr><th colspan="3">Exception</th></tr><tr><td colspan="3"><div class="stacktrace">org.testng.TestNGException: 
Parameter &apos;browser&apos; is required by BeforeSuite on method setUp but has not been marked @Optional or defined
in C:\Users\vinot\eclipse-workspace\LiveProject_01\src\test\resources\runner\testng.xml
... Removed 16 stack frames</div></td></tr></table><p class="totop"><a href="#summary">back to summary</a></p>
<h3 id="m8">com.passport.testcase.AddCustomerTest#addCustomer</h3><table class="result"><tr class="param"><th>Parameter #1</th><th>Parameter #2</th><th>Parameter #3</th></tr><tr class="param stripe"><td>Sakthivel</td><td>Sundreasan</td><td>612606</td></tr><tr><th colspan="3">Exception</th></tr><tr><td colspan="3"><div class="stacktrace">org.testng.TestNGException: 
Parameter &apos;browser&apos; is required by BeforeSuite on method setUp but has not been marked @Optional or defined
in C:\Users\vinot\eclipse-workspace\LiveProject_01\src\test\resources\runner\testng.xml
... Removed 16 stack frames</div></td></tr></table><p class="totop"><a href="#summary">back to summary</a></p>
<h3 id="m9">com.passport.testcase.AddCustomerTest#addCustomer</h3><table class="result"><tr class="param"><th>Parameter #1</th><th>Parameter #2</th><th>Parameter #3</th></tr><tr class="param stripe"><td>kathiresan</td><td>Dhavamanu</td><td>612605</td></tr><tr><th colspan="3">Exception</th></tr><tr><td colspan="3"><div class="stacktrace">org.testng.TestNGException: 
Parameter &apos;browser&apos; is required by BeforeSuite on method setUp but has not been marked @Optional or defined
in C:\Users\vinot\eclipse-workspace\LiveProject_01\src\test\resources\runner\testng.xml
... Removed 16 stack frames</div></td></tr></table><p class="totop"><a href="#summary">back to summary</a></p>
<h3 id="m10">com.passport.testcase.AddCustomerTest#addCustomer</h3><table class="result"><tr class="param"><th>Parameter #1</th><th>Parameter #2</th><th>Parameter #3</th></tr><tr class="param stripe"><td>Suba</td><td>Ganeshan</td><td>612203</td></tr><tr><th colspan="3">Exception</th></tr><tr><td colspan="3"><div class="stacktrace">org.testng.TestNGException: 
Parameter &apos;browser&apos; is required by BeforeSuite on method setUp but has not been marked @Optional or defined
in C:\Users\vinot\eclipse-workspace\LiveProject_01\src\test\resources\runner\testng.xml
... Removed 16 stack frames</div></td></tr></table><p class="totop"><a href="#summary">back to summary</a></p>
<h3 id="m11">com.passport.testcase.AddCustomerTest#addCustomer</h3><table class="result"><tr class="param"><th>Parameter #1</th><th>Parameter #2</th><th>Parameter #3</th></tr><tr class="param stripe"><td>Babu</td><td>Asubathi</td><td>612600</td></tr><tr><th colspan="3">Exception</th></tr><tr><td colspan="3"><div class="stacktrace">org.testng.TestNGException: 
Parameter &apos;browser&apos; is required by BeforeSuite on method setUp but has not been marked @Optional or defined
in C:\Users\vinot\eclipse-workspace\LiveProject_01\src\test\resources\runner\testng.xml
... Removed 16 stack frames</div></td></tr></table><p class="totop"><a href="#summary">back to summary</a></p>
<h3 id="m12">com.passport.testcase.AddCustomerTest#demoTEst</h3><table class="result"><tr><th>Exception</th></tr><tr><td><div class="stacktrace">org.testng.TestNGException: 
Parameter &apos;browser&apos; is required by BeforeSuite on method setUp but has not been marked @Optional or defined
in C:\Users\vinot\eclipse-workspace\LiveProject_01\src\test\resources\runner\testng.xml
... Removed 16 stack frames</div></td></tr></table><p class="totop"><a href="#summary">back to summary</a></p>
<h3 id="m13">com.passport.testcase.OpenAccountTest#openAcc</h3><table class="result"><tr class="param"><th>Parameter #1</th><th>Parameter #2</th></tr><tr class="param stripe"><td>Vinothkumar Gnanasekaran</td><td>Rupee</td></tr><tr><th colspan="2">Exception</th></tr><tr><td colspan="2"><div class="stacktrace">org.testng.TestNGException: 
Parameter &apos;browser&apos; is required by BeforeSuite on method setUp but has not been marked @Optional or defined
in C:\Users\vinot\eclipse-workspace\LiveProject_01\src\test\resources\runner\testng.xml
... Removed 16 stack frames</div></td></tr></table><p class="totop"><a href="#summary">back to summary</a></p>
<h3 id="m14">com.passport.testcase.OpenAccountTest#openAcc</h3><table class="result"><tr class="param"><th>Parameter #1</th><th>Parameter #2</th></tr><tr class="param stripe"><td>Suba Ganeshan</td><td>Rupee</td></tr><tr><th colspan="2">Exception</th></tr><tr><td colspan="2"><div class="stacktrace">org.testng.TestNGException: 
Parameter &apos;browser&apos; is required by BeforeSuite on method setUp but has not been marked @Optional or defined
in C:\Users\vinot\eclipse-workspace\LiveProject_01\src\test\resources\runner\testng.xml
... Removed 16 stack frames</div></td></tr></table><p class="totop"><a href="#summary">back to summary</a></p>
<h3 id="m15">com.passport.testcase.OpenAccountTest#openAcc</h3><table class="result"><tr class="param"><th>Parameter #1</th><th>Parameter #2</th></tr><tr class="param stripe"><td>Sasi Ganeshan</td><td>Rupee</td></tr><tr><th colspan="2">Exception</th></tr><tr><td colspan="2"><div class="stacktrace">org.testng.TestNGException: 
Parameter &apos;browser&apos; is required by BeforeSuite on method setUp but has not been marked @Optional or defined
in C:\Users\vinot\eclipse-workspace\LiveProject_01\src\test\resources\runner\testng.xml
... Removed 16 stack frames</div></td></tr></table><p class="totop"><a href="#summary">back to summary</a></p>
<h3 id="m16">com.passport.testcase.OpenAccountTest#openAcc</h3><table class="result"><tr class="param"><th>Parameter #1</th><th>Parameter #2</th></tr><tr class="param stripe"><td>Sakthivel Sundreasan</td><td>Rupee</td></tr><tr><th colspan="2">Exception</th></tr><tr><td colspan="2"><div class="stacktrace">org.testng.TestNGException: 
Parameter &apos;browser&apos; is required by BeforeSuite on method setUp but has not been marked @Optional or defined
in C:\Users\vinot\eclipse-workspace\LiveProject_01\src\test\resources\runner\testng.xml
... Removed 16 stack frames</div></td></tr></table><p class="totop"><a href="#summary">back to summary</a></p>
<h3 id="m17">com.passport.testcase.OpenAccountTest#openAcc</h3><table class="result"><tr class="param"><th>Parameter #1</th><th>Parameter #2</th></tr><tr class="param stripe"><td>Suresh Sugumaran</td><td>Rupee</td></tr><tr><th colspan="2">Exception</th></tr><tr><td colspan="2"><div class="stacktrace">org.testng.TestNGException: 
Parameter &apos;browser&apos; is required by BeforeSuite on method setUp but has not been marked @Optional or defined
in C:\Users\vinot\eclipse-workspace\LiveProject_01\src\test\resources\runner\testng.xml
... Removed 16 stack frames</div></td></tr></table><p class="totop"><a href="#summary">back to summary</a></p>
<h3 id="m18">com.passport.testcase.OpenAccountTest#openAcc</h3><table class="result"><tr class="param"><th>Parameter #1</th><th>Parameter #2</th></tr><tr class="param stripe"><td>kathiresan Dhavamanu</td><td>Rupee</td></tr><tr><th colspan="2">Exception</th></tr><tr><td colspan="2"><div class="stacktrace">org.testng.TestNGException: 
Parameter &apos;browser&apos; is required by BeforeSuite on method setUp but has not been marked @Optional or defined
in C:\Users\vinot\eclipse-workspace\LiveProject_01\src\test\resources\runner\testng.xml
... Removed 16 stack frames</div></td></tr></table><p class="totop"><a href="#summary">back to summary</a></p>
<h3 id="m19">com.passport.testcase.OpenAccountTest#openAcc</h3><table class="result"><tr class="param"><th>Parameter #1</th><th>Parameter #2</th></tr><tr class="param stripe"><td>Babu Asubathi</td><td>Rupee</td></tr><tr><th colspan="2">Exception</th></tr><tr><td colspan="2"><div class="stacktrace">org.testng.TestNGException: 
Parameter &apos;browser&apos; is required by BeforeSuite on method setUp but has not been marked @Optional or defined
in C:\Users\vinot\eclipse-workspace\LiveProject_01\src\test\resources\runner\testng.xml
... Removed 16 stack frames</div></td></tr></table><p class="totop"><a href="#summary">back to summary</a></p>
<h3 id="m20">com.passport.testcase.OpenAccountTest#openAcc</h3><table class="result"><tr class="param"><th>Parameter #1</th><th>Parameter #2</th></tr><tr class="param stripe"><td>Sathish Gunasekaran</td><td>Rupee</td></tr><tr><th colspan="2">Exception</th></tr><tr><td colspan="2"><div class="stacktrace">org.testng.TestNGException: 
Parameter &apos;browser&apos; is required by BeforeSuite on method setUp but has not been marked @Optional or defined
in C:\Users\vinot\eclipse-workspace\LiveProject_01\src\test\resources\runner\testng.xml
... Removed 16 stack frames</div></td></tr></table><p class="totop"><a href="#summary">back to summary</a></p>
<h3 id="m21">com.passport.testcase.OpenAccountTest#openAcc</h3><table class="result"><tr class="param"><th>Parameter #1</th><th>Parameter #2</th></tr><tr class="param stripe"><td>Rajesh Gunasekaran</td><td>Rupee</td></tr><tr><th colspan="2">Exception</th></tr><tr><td colspan="2"><div class="stacktrace">org.testng.TestNGException: 
Parameter &apos;browser&apos; is required by BeforeSuite on method setUp but has not been marked @Optional or defined
in C:\Users\vinot\eclipse-workspace\LiveProject_01\src\test\resources\runner\testng.xml
... Removed 16 stack frames</div></td></tr></table><p class="totop"><a href="#summary">back to summary</a></p>
</body>
</html>
