<?xml version="1.0" encoding="UTF-8"?>
<!-- Generated by org.testng.reporters.JUnitReportReporter -->
<testsuite hostname="VinothKumarG" failures="0" tests="11" name="com.passport.testcase.AddCustomerTest" time="-1695224960.000" errors="1" timestamp="2023-09-20T21:18:53 IST" skipped="10">
  <testcase classname="com.passport.testcase.AddCustomerTest" name="setUp" time="-1695224960.000">
    <error message="
Parameter &#039;browser&#039; is required by BeforeSuite on method setUp but has not been marked @Optional or defined
in C:\Users\vinot\eclipse-workspace\LiveProject_01\src\test\resources\runner\testng.xml" type="org.testng.TestNGException">
      <![CDATA[org.testng.TestNGException: 
Parameter 'browser' is required by BeforeSuite on method setUp but has not been marked @Optional or defined
in C:\Users\vinot\eclipse-workspace\LiveProject_01\src\test\resources\runner\testng.xml
at org.testng.internal.Parameters.createParams(Parameters.java:267)
at org.testng.internal.Parameters.createParametersForMethod(Parameters.java:355)
at org.testng.internal.Parameters.createParameters(Parameters.java:684)
at org.testng.internal.Parameters.createConfigurationParameters(Parameters.java:166)
at org.testng.internal.invokers.ConfigInvoker.invokeConfigurations(ConfigInvoker.java:306)
at org.testng.SuiteRunner.privateRun(SuiteRunner.java:382)
at org.testng.SuiteRunner.run(SuiteRunner.java:336)
at org.testng.SuiteRunnerWorker.runSuite(SuiteRunnerWorker.java:52)
at org.testng.SuiteRunnerWorker.run(SuiteRunnerWorker.java:95)
at org.testng.TestNG.runSuitesSequentially(TestNG.java:1280)
at org.testng.TestNG.runSuitesLocally(TestNG.java:1200)
at org.testng.TestNG.runSuites(TestNG.java:1114)
at org.testng.TestNG.run(TestNG.java:1082)
at org.testng.remote.AbstractRemoteTestNG.run(AbstractRemoteTestNG.java:115)
at org.testng.remote.RemoteTestNG.initAndRun(RemoteTestNG.java:251)
at org.testng.remote.RemoteTestNG.main(RemoteTestNG.java:77)
]]>
    </error>
  </testcase> <!-- setUp -->
  <testcase classname="com.passport.testcase.AddCustomerTest" name="addCustomer" time="0.000">
    <skipped/>
  </testcase> <!-- addCustomer -->
  <testcase classname="com.passport.testcase.AddCustomerTest" name="addCustomer" time="0.001">
    <skipped/>
  </testcase> <!-- addCustomer -->
  <testcase classname="com.passport.testcase.AddCustomerTest" name="addCustomer" time="0.000">
    <skipped/>
  </testcase> <!-- addCustomer -->
  <testcase classname="com.passport.testcase.AddCustomerTest" name="addCustomer" time="0.000">
    <skipped/>
  </testcase> <!-- addCustomer -->
  <testcase classname="com.passport.testcase.AddCustomerTest" name="addCustomer" time="0.000">
    <skipped/>
  </testcase> <!-- addCustomer -->
  <testcase classname="com.passport.testcase.AddCustomerTest" name="addCustomer" time="0.000">
    <skipped/>
  </testcase> <!-- addCustomer -->
  <testcase classname="com.passport.testcase.AddCustomerTest" name="addCustomer" time="0.000">
    <skipped/>
  </testcase> <!-- addCustomer -->
  <testcase classname="com.passport.testcase.AddCustomerTest" name="addCustomer" time="0.000">
    <skipped/>
  </testcase> <!-- addCustomer -->
  <testcase classname="com.passport.testcase.AddCustomerTest" name="addCustomer" time="0.000">
    <skipped/>
  </testcase> <!-- addCustomer -->
  <testcase classname="com.passport.testcase.AddCustomerTest" name="demoTEst" time="0.000">
    <skipped/>
  </testcase> <!-- demoTEst -->
</testsuite> <!-- com.passport.testcase.AddCustomerTest -->
