<?xml version="1.0" encoding="UTF-8"?>
<!-- Generated by org.testng.reporters.JUnitReportReporter -->
<testsuite hostname="VinothKumarG" failures="0" tests="1" name="com.passport.testcase.VerifyDepositFunc" time="10.078" errors="1" timestamp="2023-09-21T22:47:30 IST" skipped="0">
  <testcase classname="com.passport.testcase.VerifyDepositFunc" name="verifyDepositMoney" time="10.078">
    <error message="no such element: Unable to locate element: {&quot;method&quot;:&quot;css selector&quot;,&quot;selector&quot;:&quot;CustomerLogin&quot;}
  (Session info: chrome=116.0.5845.188)
For documentation on this error, please visit: https://www.seleniumhq.org/exceptions/no_such_element.html
Build info: version: &#039;3.141.59&#039;, revision: &#039;e82be7d358&#039;, time: &#039;2018-11-14T08:17:03&#039;
System info: host: &#039;VINOTHKUMARG&#039;, ip: &#039;192.168.1.5&#039;, os.name: &#039;Windows 11&#039;, os.arch: &#039;amd64&#039;, os.version: &#039;10.0&#039;, java.version: &#039;17.0.8&#039;
Driver info: org.openqa.selenium.chrome.ChromeDriver
Capabilities {acceptInsecureCerts: false, browserName: chrome, browserVersion: 116.0.5845.188, chrome: {chromedriverVersion: 116.0.5845.96 (1a3918166880..., userDataDir: C:\Users\vinot\AppData\Loca...}, fedcm:accounts: true, goog:chromeOptions: {debuggerAddress: localhost:51278}, javascriptEnabled: true, networkConnectionEnabled: false, pageLoadStrategy: normal, platform: WINDOWS, platformName: WINDOWS, proxy: Proxy(), setWindowRect: true, strictFileInteractability: false, timeouts: {implicit: 0, pageLoad: 300000, script: 30000}, unhandledPromptBehavior: dismiss and notify, webauthn:extension:credBlob: true, webauthn:extension:largeBlob: true, webauthn:extension:minPinLength: true, webauthn:extension:prf: true, webauthn:virtualAuthenticators: true}
Session ID: 5fcab686575a2af2cda45838a8766746
*** Element info: {Using=css selector, value=CustomerLogin}" type="org.openqa.selenium.NoSuchElementException">
      <![CDATA[org.openqa.selenium.NoSuchElementException: no such element: Unable to locate element: {"method":"css selector","selector":"CustomerLogin"}
  (Session info: chrome=116.0.5845.188)
For documentation on this error, please visit: https://www.seleniumhq.org/exceptions/no_such_element.html
Build info: version: '3.141.59', revision: 'e82be7d358', time: '2018-11-14T08:17:03'
System info: host: 'VINOTHKUMARG', ip: '192.168.1.5', os.name: 'Windows 11', os.arch: 'amd64', os.version: '10.0', java.version: '17.0.8'
Driver info: org.openqa.selenium.chrome.ChromeDriver
Capabilities {acceptInsecureCerts: false, browserName: chrome, browserVersion: 116.0.5845.188, chrome: {chromedriverVersion: 116.0.5845.96 (1a3918166880..., userDataDir: C:\Users\vinot\AppData\Loca...}, fedcm:accounts: true, goog:chromeOptions: {debuggerAddress: localhost:51278}, javascriptEnabled: true, networkConnectionEnabled: false, pageLoadStrategy: normal, platform: WINDOWS, platformName: WINDOWS, proxy: Proxy(), setWindowRect: true, strictFileInteractability: false, timeouts: {implicit: 0, pageLoad: 300000, script: 30000}, unhandledPromptBehavior: dismiss and notify, webauthn:extension:credBlob: true, webauthn:extension:largeBlob: true, webauthn:extension:minPinLength: true, webauthn:extension:prf: true, webauthn:virtualAuthenticators: true}
Session ID: 5fcab686575a2af2cda45838a8766746
*** Element info: {Using=css selector, value=CustomerLogin}
at java.base/jdk.internal.reflect.NativeConstructorAccessorImpl.newInstance0(Native Method)
at java.base/jdk.internal.reflect.NativeConstructorAccessorImpl.newInstance(NativeConstructorAccessorImpl.java:77)
at java.base/jdk.internal.reflect.DelegatingConstructorAccessorImpl.newInstance(DelegatingConstructorAccessorImpl.java:45)
at java.base/java.lang.reflect.Constructor.newInstanceWithCaller(Constructor.java:499)
at java.base/java.lang.reflect.Constructor.newInstance(Constructor.java:480)
at org.openqa.selenium.remote.http.W3CHttpResponseCodec.createException(W3CHttpResponseCodec.java:187)
at org.openqa.selenium.remote.http.W3CHttpResponseCodec.decode(W3CHttpResponseCodec.java:122)
at org.openqa.selenium.remote.http.W3CHttpResponseCodec.decode(W3CHttpResponseCodec.java:49)
at org.openqa.selenium.remote.HttpCommandExecutor.execute(HttpCommandExecutor.java:158)
at org.openqa.selenium.remote.service.DriverCommandExecutor.execute(DriverCommandExecutor.java:83)
at org.openqa.selenium.remote.RemoteWebDriver.execute(RemoteWebDriver.java:552)
at org.openqa.selenium.remote.RemoteWebDriver.findElement(RemoteWebDriver.java:323)
at org.openqa.selenium.remote.RemoteWebDriver.findElementByCssSelector(RemoteWebDriver.java:420)
at org.openqa.selenium.By$ByCssSelector.findElement(By.java:431)
at org.openqa.selenium.remote.RemoteWebDriver.findElement(RemoteWebDriver.java:315)
at com.passport.testcase.VerifyDepositFunc.verifyDepositMoney(VerifyDepositFunc.java:14)
at java.base/jdk.internal.reflect.NativeMethodAccessorImpl.invoke0(Native Method)
at java.base/jdk.internal.reflect.NativeMethodAccessorImpl.invoke(NativeMethodAccessorImpl.java:77)
at java.base/jdk.internal.reflect.DelegatingMethodAccessorImpl.invoke(DelegatingMethodAccessorImpl.java:43)
at java.base/java.lang.reflect.Method.invoke(Method.java:568)
at org.testng.internal.invokers.MethodInvocationHelper.invokeMethod(MethodInvocationHelper.java:139)
at org.testng.internal.invokers.TestInvoker.invokeMethod(TestInvoker.java:664)
at org.testng.internal.invokers.TestInvoker.invokeTestMethod(TestInvoker.java:227)
at org.testng.internal.invokers.MethodRunner.runInSequence(MethodRunner.java:50)
at org.testng.internal.invokers.TestInvoker$MethodInvocationAgent.invoke(TestInvoker.java:957)
at org.testng.internal.invokers.TestInvoker.invokeTestMethods(TestInvoker.java:200)
at org.testng.internal.invokers.TestMethodWorker.invokeTestMethods(TestMethodWorker.java:148)
at org.testng.internal.invokers.TestMethodWorker.run(TestMethodWorker.java:128)
at java.base/java.util.ArrayList.forEach(ArrayList.java:1511)
at org.testng.TestRunner.privateRun(TestRunner.java:848)
at org.testng.TestRunner.run(TestRunner.java:621)
at org.testng.SuiteRunner.runTest(SuiteRunner.java:443)
at org.testng.SuiteRunner.runSequentially(SuiteRunner.java:437)
at org.testng.SuiteRunner.privateRun(SuiteRunner.java:397)
at org.testng.SuiteRunner.run(SuiteRunner.java:336)
at org.testng.SuiteRunnerWorker.runSuite(SuiteRunnerWorker.java:52)
at org.testng.SuiteRunnerWorker.run(SuiteRunnerWorker.java:95)
at org.testng.TestNG.runSuitesSequentially(TestNG.java:1280)
at org.testng.TestNG.runSuitesLocally(TestNG.java:1200)
at org.testng.TestNG.runSuites(TestNG.java:1114)
at org.testng.TestNG.run(TestNG.java:1082)
at org.testng.remote.AbstractRemoteTestNG.run(AbstractRemoteTestNG.java:115)
at org.testng.remote.RemoteTestNG.initAndRun(RemoteTestNG.java:251)
at org.testng.remote.RemoteTestNG.main(RemoteTestNG.java:77)
]]>
    </error>
    <system-out>
      <![CDATA[<a href=Thu_Sep_21_22_47_30_IST_2023.jpg>screenshot</a>]]>
    </system-out>
  </testcase> <!-- verifyDepositMoney -->
  <system-out>
    <![CDATA[LOGINASBANKMANAGER  Passed
Clicked Customer add button
Entered Customer first name
Entered Customer Last name
Entered Customer Postal code
Clicked add Customer Submit button
Customer created successfully
ADDCUSTOMER  Passed
Clicked Customer add button
Entered Customer first name
Entered Customer Last name
Entered Customer Postal code
Clicked add Customer Submit button
Customer created successfully
ADDCUSTOMER  Passed
Clicked Customer add button
Entered Customer first name
Entered Customer Last name
Entered Customer Postal code
Clicked add Customer Submit button
Customer created successfully
ADDCUSTOMER  Passed
Clicked Customer add button
Entered Customer first name
Entered Customer Last name
Entered Customer Postal code
Clicked add Customer Submit button
Customer created successfully
ADDCUSTOMER  Passed
Clicked Customer add button
Entered Customer first name
Entered Customer Last name
Entered Customer Postal code
Clicked add Customer Submit button
Customer created successfully
ADDCUSTOMER  Passed
Clicked Customer add button
Entered Customer first name
Entered Customer Last name
Entered Customer Postal code
Clicked add Customer Submit button
Customer created successfully
ADDCUSTOMER  Passed
Clicked Customer add button
Entered Customer first name
Entered Customer Last name
Entered Customer Postal code
Clicked add Customer Submit button
Customer created successfully
ADDCUSTOMER  Passed
Clicked Customer add button
Entered Customer first name
Entered Customer Last name
Entered Customer Postal code
Clicked add Customer Submit button
Customer created successfully
ADDCUSTOMER  Passed
Clicked Customer add button
Entered Customer first name
Entered Customer Last name
Entered Customer Postal code
Clicked add Customer Submit button
Customer created successfully
ADDCUSTOMER  Passed
DEMOTEST  Passed
Account created successfully
OPENACC  Passed
Account created successfully
OPENACC  Passed
Account created successfully
OPENACC  Passed
Account created successfully
OPENACC  Passed
Account created successfully
OPENACC  Passed
Account created successfully
OPENACC  Passed
Account created successfully
OPENACC  Passed
Account created successfully
OPENACC  Passed
Account created successfully
OPENACC  Passed
SEARCHCUSTOMER  Passed
SEARCHCUSTOMER  Passed
SEARCHCUSTOMER  Passed
SEARCHCUSTOMER  Passed
SEARCHCUSTOMER  Passed
SEARCHCUSTOMER  Passed
SEARCHCUSTOMER  Passed
SEARCHCUSTOMER  Passed
SEARCHCUSTOMER  Passed
CLICKHOME  Passed
<a href=Thu_Sep_21_22_47_30_IST_2023.jpg>screenshot</a>]]>
  </system-out>
</testsuite> <!-- com.passport.testcase.VerifyDepositFunc -->
